2023-03-30 09:36:13.688  INFO 13256 --- [restartedMain] kr.co.farmstory.FarmstoryApplication     : Starting FarmstoryApplication using Java 17.0.5 on DESKTOP-QOTDKI5 with PID 13256 (C:\Users\java1\Desktop\Workspace\Spring\Farmstory\target\classes started by java1 in C:\Users\java1\Desktop\Workspace\Spring\Farmstory)
2023-03-30 09:36:13.692  INFO 13256 --- [restartedMain] kr.co.farmstory.FarmstoryApplication     : No active profile set, falling back to 1 default profile: "default"
2023-03-30 09:36:13.738  INFO 13256 --- [restartedMain] .e.DevToolsPropertyDefaultsPostProcessor : Devtools property defaults active! Set 'spring.devtools.add-properties' to 'false' to disable
2023-03-30 09:36:13.738  INFO 13256 --- [restartedMain] .e.DevToolsPropertyDefaultsPostProcessor : For additional web related logging consider setting the 'logging.level.web' property to 'DEBUG'
2023-03-30 09:36:14.391  INFO 13256 --- [restartedMain] .s.d.r.c.RepositoryConfigurationDelegate : Bootstrapping Spring Data JPA repositories in DEFAULT mode.
2023-03-30 09:36:14.410  INFO 13256 --- [restartedMain] .s.d.r.c.RepositoryConfigurationDelegate : Finished Spring Data repository scanning in 8 ms. Found 0 JPA repository interfaces.
2023-03-30 09:36:14.540  WARN 13256 --- [restartedMain] o.m.s.mapper.ClassPathMapperScanner      : No MyBatis mapper was found in '[kr.co.farmstory]' package. Please check your configuration.
2023-03-30 09:36:15.091  INFO 13256 --- [restartedMain] o.s.b.w.embedded.tomcat.TomcatWebServer  : Tomcat initialized with port(s): 8080 (http)
2023-03-30 09:36:15.102  INFO 13256 --- [restartedMain] o.apache.catalina.core.StandardService   : 서비스 [Tomcat]을(를) 시작합니다.
2023-03-30 09:36:15.103  INFO 13256 --- [restartedMain] org.apache.catalina.core.StandardEngine  : 서버 엔진을 시작합니다: [Apache Tomcat/9.0.67]
2023-03-30 09:36:15.285  INFO 13256 --- [restartedMain] org.apache.jasper.servlet.TldScanner     : 적어도 하나의 JAR가 TLD들을 찾기 위해 스캔되었으나 아무 것도 찾지 못했습니다. 스캔했으나 TLD가 없는 JAR들의 전체 목록을 보시려면, 로그 레벨을 디버그 레벨로 설정하십시오. 스캔 과정에서 불필요한 JAR들을 건너뛰면, 시스템 시작 시간과 JSP 컴파일 시간을 단축시킬 수 있습니다.
2023-03-30 09:36:15.296  INFO 13256 --- [restartedMain] o.a.c.c.C.[.[localhost].[/Farmstory]     : Initializing Spring embedded WebApplicationContext
2023-03-30 09:36:15.296  INFO 13256 --- [restartedMain] w.s.c.ServletWebServerApplicationContext : Root WebApplicationContext: initialization completed in 1557 ms
2023-03-30 09:36:15.465  INFO 13256 --- [restartedMain] o.hibernate.jpa.internal.util.LogHelper  : HHH000204: Processing PersistenceUnitInfo [name: default]
2023-03-30 09:36:15.514  INFO 13256 --- [restartedMain] org.hibernate.Version                    : HHH000412: Hibernate ORM core version 5.6.14.Final
2023-03-30 09:36:15.654  INFO 13256 --- [restartedMain] o.hibernate.annotations.common.Version   : HCANN000001: Hibernate Commons Annotations {5.1.2.Final}
2023-03-30 09:36:15.742  INFO 13256 --- [restartedMain] com.zaxxer.hikari.HikariDataSource       : HikariPool-1 - Starting...
2023-03-30 09:36:16.013  INFO 13256 --- [restartedMain] com.zaxxer.hikari.HikariDataSource       : HikariPool-1 - Start completed.
2023-03-30 09:36:16.027  INFO 13256 --- [restartedMain] org.hibernate.dialect.Dialect            : HHH000400: Using dialect: org.hibernate.dialect.MySQL5InnoDBDialect
2023-03-30 09:36:16.282  INFO 13256 --- [restartedMain] o.h.e.t.j.p.i.JtaPlatformInitiator       : HHH000490: Using JtaPlatform implementation: [org.hibernate.engine.transaction.jta.platform.internal.NoJtaPlatform]
2023-03-30 09:36:16.291  INFO 13256 --- [restartedMain] j.LocalContainerEntityManagerFactoryBean : Initialized JPA EntityManagerFactory for persistence unit 'default'
2023-03-30 09:36:16.338  WARN 13256 --- [restartedMain] JpaBaseConfiguration$JpaWebConfiguration : spring.jpa.open-in-view is enabled by default. Therefore, database queries may be performed during view rendering. Explicitly configure spring.jpa.open-in-view to disable this warning
2023-03-30 09:36:16.457  INFO 13256 --- [restartedMain] o.s.s.web.DefaultSecurityFilterChain     : Will secure any request with [org.springframework.security.web.session.DisableEncodeUrlFilter@1e8ce4c3, org.springframework.security.web.context.request.async.WebAsyncManagerIntegrationFilter@5439a7cf, org.springframework.security.web.context.SecurityContextPersistenceFilter@7c6eee04, org.springframework.security.web.header.HeaderWriterFilter@1471b56b, org.springframework.security.web.authentication.logout.LogoutFilter@19993559, org.springframework.security.web.savedrequest.RequestCacheAwareFilter@f20880a, org.springframework.security.web.servletapi.SecurityContextHolderAwareRequestFilter@9064d58, org.springframework.security.web.authentication.AnonymousAuthenticationFilter@30cb18e4, org.springframework.security.web.session.SessionManagementFilter@6b1ef6e6, org.springframework.security.web.access.ExceptionTranslationFilter@50ace181, org.springframework.security.web.access.intercept.FilterSecurityInterceptor@77f7e459]
2023-03-30 09:36:16.609  INFO 13256 --- [restartedMain] o.s.b.a.w.s.WelcomePageHandlerMapping    : Adding welcome page template: index
2023-03-30 09:36:16.876  INFO 13256 --- [restartedMain] o.s.b.d.a.OptionalLiveReloadServer       : LiveReload server is running on port 35729
2023-03-30 09:36:16.922  INFO 13256 --- [restartedMain] o.s.b.w.embedded.tomcat.TomcatWebServer  : Tomcat started on port(s): 8080 (http) with context path '/Farmstory'
2023-03-30 09:36:16.932  INFO 13256 --- [restartedMain] kr.co.farmstory.FarmstoryApplication     : Started FarmstoryApplication in 3.617 seconds (JVM running for 4.333)
2023-03-30 09:36:40.851  INFO 13256 --- [http-nio-8080-exec-1] o.a.c.c.C.[.[localhost].[/Farmstory]     : Initializing Spring DispatcherServlet 'dispatcherServlet'
2023-03-30 09:36:40.851  INFO 13256 --- [http-nio-8080-exec-1] o.s.web.servlet.DispatcherServlet        : Initializing Servlet 'dispatcherServlet'
2023-03-30 09:36:40.855  INFO 13256 --- [http-nio-8080-exec-1] o.s.web.servlet.DispatcherServlet        : Completed initialization in 4 ms
2023-03-30 09:51:44.725  INFO 13256 --- [RMI TCP Connection(20)-127.0.0.1] inMXBeanRegistrar$SpringApplicationAdmin : Application shutdown requested.
2023-03-30 09:51:44.732  INFO 13256 --- [RMI TCP Connection(20)-127.0.0.1] o.apache.catalina.core.StandardService   : 서비스 [Tomcat]을(를) 중지시킵니다.
2023-03-30 09:51:44.733  INFO 13256 --- [RMI TCP Connection(20)-127.0.0.1] o.a.c.c.C.[.[localhost].[/Farmstory]     : Destroying Spring FrameworkServlet 'dispatcherServlet'
2023-03-30 09:51:44.739  INFO 13256 --- [RMI TCP Connection(20)-127.0.0.1] j.LocalContainerEntityManagerFactoryBean : Closing JPA EntityManagerFactory for persistence unit 'default'
2023-03-30 09:51:44.743  INFO 13256 --- [RMI TCP Connection(20)-127.0.0.1] com.zaxxer.hikari.HikariDataSource       : HikariPool-1 - Shutdown initiated...
2023-03-30 09:51:44.750  INFO 13256 --- [RMI TCP Connection(20)-127.0.0.1] com.zaxxer.hikari.HikariDataSource       : HikariPool-1 - Shutdown completed.
2023-03-30 09:53:04.000  INFO 11036 --- [restartedMain] kr.co.farmstory.FarmstoryApplication     : Starting FarmstoryApplication using Java 17.0.5 on DESKTOP-QOTDKI5 with PID 11036 (C:\Users\java1\Desktop\Workspace\Spring\Farmstory\target\classes started by java1 in C:\Users\java1\Desktop\Workspace\Spring\Farmstory)
2023-03-30 09:53:04.001  INFO 11036 --- [restartedMain] kr.co.farmstory.FarmstoryApplication     : No active profile set, falling back to 1 default profile: "default"
2023-03-30 09:53:04.049  INFO 11036 --- [restartedMain] .e.DevToolsPropertyDefaultsPostProcessor : Devtools property defaults active! Set 'spring.devtools.add-properties' to 'false' to disable
2023-03-30 09:53:04.050  INFO 11036 --- [restartedMain] .e.DevToolsPropertyDefaultsPostProcessor : For additional web related logging consider setting the 'logging.level.web' property to 'DEBUG'
2023-03-30 09:53:04.588  INFO 11036 --- [restartedMain] .s.d.r.c.RepositoryConfigurationDelegate : Bootstrapping Spring Data JPA repositories in DEFAULT mode.
2023-03-30 09:53:04.605  INFO 11036 --- [restartedMain] .s.d.r.c.RepositoryConfigurationDelegate : Finished Spring Data repository scanning in 7 ms. Found 0 JPA repository interfaces.
2023-03-30 09:53:04.719  WARN 11036 --- [restartedMain] o.m.s.mapper.ClassPathMapperScanner      : No MyBatis mapper was found in '[kr.co.farmstory]' package. Please check your configuration.
2023-03-30 09:53:05.173  INFO 11036 --- [restartedMain] o.s.b.w.embedded.tomcat.TomcatWebServer  : Tomcat initialized with port(s): 8080 (http)
2023-03-30 09:53:05.182  INFO 11036 --- [restartedMain] o.apache.catalina.core.StandardService   : 서비스 [Tomcat]을(를) 시작합니다.
2023-03-30 09:53:05.182  INFO 11036 --- [restartedMain] org.apache.catalina.core.StandardEngine  : 서버 엔진을 시작합니다: [Apache Tomcat/9.0.67]
2023-03-30 09:53:05.349  INFO 11036 --- [restartedMain] org.apache.jasper.servlet.TldScanner     : 적어도 하나의 JAR가 TLD들을 찾기 위해 스캔되었으나 아무 것도 찾지 못했습니다. 스캔했으나 TLD가 없는 JAR들의 전체 목록을 보시려면, 로그 레벨을 디버그 레벨로 설정하십시오. 스캔 과정에서 불필요한 JAR들을 건너뛰면, 시스템 시작 시간과 JSP 컴파일 시간을 단축시킬 수 있습니다.
2023-03-30 09:53:05.358  INFO 11036 --- [restartedMain] o.a.c.c.C.[.[localhost].[/Farmstory]     : Initializing Spring embedded WebApplicationContext
2023-03-30 09:53:05.358  INFO 11036 --- [restartedMain] w.s.c.ServletWebServerApplicationContext : Root WebApplicationContext: initialization completed in 1308 ms
2023-03-30 09:53:05.535  INFO 11036 --- [restartedMain] o.hibernate.jpa.internal.util.LogHelper  : HHH000204: Processing PersistenceUnitInfo [name: default]
2023-03-30 09:53:05.583  INFO 11036 --- [restartedMain] org.hibernate.Version                    : HHH000412: Hibernate ORM core version 5.6.14.Final
2023-03-30 09:53:05.724  INFO 11036 --- [restartedMain] o.hibernate.annotations.common.Version   : HCANN000001: Hibernate Commons Annotations {5.1.2.Final}
2023-03-30 09:53:05.812  INFO 11036 --- [restartedMain] com.zaxxer.hikari.HikariDataSource       : HikariPool-1 - Starting...
2023-03-30 09:53:06.062  INFO 11036 --- [restartedMain] com.zaxxer.hikari.HikariDataSource       : HikariPool-1 - Start completed.
2023-03-30 09:53:06.077  INFO 11036 --- [restartedMain] org.hibernate.dialect.Dialect            : HHH000400: Using dialect: org.hibernate.dialect.MySQL5InnoDBDialect
2023-03-30 09:53:06.326  INFO 11036 --- [restartedMain] o.h.e.t.j.p.i.JtaPlatformInitiator       : HHH000490: Using JtaPlatform implementation: [org.hibernate.engine.transaction.jta.platform.internal.NoJtaPlatform]
2023-03-30 09:53:06.336  INFO 11036 --- [restartedMain] j.LocalContainerEntityManagerFactoryBean : Initialized JPA EntityManagerFactory for persistence unit 'default'
2023-03-30 09:53:06.386  WARN 11036 --- [restartedMain] JpaBaseConfiguration$JpaWebConfiguration : spring.jpa.open-in-view is enabled by default. Therefore, database queries may be performed during view rendering. Explicitly configure spring.jpa.open-in-view to disable this warning
2023-03-30 09:53:06.502  INFO 11036 --- [restartedMain] o.s.s.web.DefaultSecurityFilterChain     : Will secure any request with [org.springframework.security.web.session.DisableEncodeUrlFilter@323900d2, org.springframework.security.web.context.request.async.WebAsyncManagerIntegrationFilter@72200aac, org.springframework.security.web.context.SecurityContextPersistenceFilter@5245b140, org.springframework.security.web.header.HeaderWriterFilter@622bdc50, org.springframework.security.web.authentication.logout.LogoutFilter@23d02916, org.springframework.security.web.savedrequest.RequestCacheAwareFilter@6b1ef6e6, org.springframework.security.web.servletapi.SecurityContextHolderAwareRequestFilter@f20880a, org.springframework.security.web.authentication.AnonymousAuthenticationFilter@4b002fe2, org.springframework.security.web.session.SessionManagementFilter@2d47c2b4, org.springframework.security.web.access.ExceptionTranslationFilter@c0185d, org.springframework.security.web.access.intercept.FilterSecurityInterceptor@6fcb57be]
2023-03-30 09:53:06.669  INFO 11036 --- [restartedMain] o.s.b.a.w.s.WelcomePageHandlerMapping    : Adding welcome page template: index
2023-03-30 09:53:06.977  INFO 11036 --- [restartedMain] o.s.b.d.a.OptionalLiveReloadServer       : LiveReload server is running on port 35729
2023-03-30 09:53:07.024  INFO 11036 --- [restartedMain] o.s.b.w.embedded.tomcat.TomcatWebServer  : Tomcat started on port(s): 8080 (http) with context path '/Farmstory'
2023-03-30 09:53:07.036  INFO 11036 --- [restartedMain] kr.co.farmstory.FarmstoryApplication     : Started FarmstoryApplication in 3.349 seconds (JVM running for 4.001)
2023-03-30 09:55:00.891  INFO 11036 --- [RMI TCP Connection(5)-127.0.0.1] inMXBeanRegistrar$SpringApplicationAdmin : Application shutdown requested.
2023-03-30 09:55:00.898  INFO 11036 --- [RMI TCP Connection(5)-127.0.0.1] o.apache.catalina.core.StandardService   : 서비스 [Tomcat]을(를) 중지시킵니다.
2023-03-30 09:55:00.905  INFO 11036 --- [RMI TCP Connection(5)-127.0.0.1] j.LocalContainerEntityManagerFactoryBean : Closing JPA EntityManagerFactory for persistence unit 'default'
2023-03-30 09:55:00.907  INFO 11036 --- [RMI TCP Connection(5)-127.0.0.1] com.zaxxer.hikari.HikariDataSource       : HikariPool-1 - Shutdown initiated...
2023-03-30 09:55:00.913  INFO 11036 --- [RMI TCP Connection(5)-127.0.0.1] com.zaxxer.hikari.HikariDataSource       : HikariPool-1 - Shutdown completed.
2023-03-30 09:58:46.474  INFO 2424 --- [restartedMain] kr.co.farmstory.FarmstoryApplication     : Starting FarmstoryApplication using Java 17.0.5 on DESKTOP-QOTDKI5 with PID 2424 (C:\Users\java1\Desktop\Workspace\Spring\Farmstory\target\classes started by java1 in C:\Users\java1\Desktop\Workspace\Spring\Farmstory)
2023-03-30 09:58:46.476  INFO 2424 --- [restartedMain] kr.co.farmstory.FarmstoryApplication     : No active profile set, falling back to 1 default profile: "default"
2023-03-30 09:58:46.528  INFO 2424 --- [restartedMain] .e.DevToolsPropertyDefaultsPostProcessor : Devtools property defaults active! Set 'spring.devtools.add-properties' to 'false' to disable
2023-03-30 09:58:46.528  INFO 2424 --- [restartedMain] .e.DevToolsPropertyDefaultsPostProcessor : For additional web related logging consider setting the 'logging.level.web' property to 'DEBUG'
2023-03-30 09:58:47.061  INFO 2424 --- [restartedMain] .s.d.r.c.RepositoryConfigurationDelegate : Bootstrapping Spring Data JPA repositories in DEFAULT mode.
2023-03-30 09:58:47.077  INFO 2424 --- [restartedMain] .s.d.r.c.RepositoryConfigurationDelegate : Finished Spring Data repository scanning in 6 ms. Found 0 JPA repository interfaces.
2023-03-30 09:58:47.189  WARN 2424 --- [restartedMain] o.m.s.mapper.ClassPathMapperScanner      : No MyBatis mapper was found in '[kr.co.farmstory]' package. Please check your configuration.
2023-03-30 09:58:47.645  INFO 2424 --- [restartedMain] o.s.b.w.embedded.tomcat.TomcatWebServer  : Tomcat initialized with port(s): 8080 (http)
2023-03-30 09:58:47.654  INFO 2424 --- [restartedMain] o.apache.catalina.core.StandardService   : 서비스 [Tomcat]을(를) 시작합니다.
2023-03-30 09:58:47.655  INFO 2424 --- [restartedMain] org.apache.catalina.core.StandardEngine  : 서버 엔진을 시작합니다: [Apache Tomcat/9.0.67]
2023-03-30 09:58:47.826  INFO 2424 --- [restartedMain] org.apache.jasper.servlet.TldScanner     : 적어도 하나의 JAR가 TLD들을 찾기 위해 스캔되었으나 아무 것도 찾지 못했습니다. 스캔했으나 TLD가 없는 JAR들의 전체 목록을 보시려면, 로그 레벨을 디버그 레벨로 설정하십시오. 스캔 과정에서 불필요한 JAR들을 건너뛰면, 시스템 시작 시간과 JSP 컴파일 시간을 단축시킬 수 있습니다.
2023-03-30 09:58:47.835  INFO 2424 --- [restartedMain] o.a.c.c.C.[.[localhost].[/Farmstory]     : Initializing Spring embedded WebApplicationContext
2023-03-30 09:58:47.835  INFO 2424 --- [restartedMain] w.s.c.ServletWebServerApplicationContext : Root WebApplicationContext: initialization completed in 1306 ms
2023-03-30 09:58:47.998  INFO 2424 --- [restartedMain] o.hibernate.jpa.internal.util.LogHelper  : HHH000204: Processing PersistenceUnitInfo [name: default]
2023-03-30 09:58:48.043  INFO 2424 --- [restartedMain] org.hibernate.Version                    : HHH000412: Hibernate ORM core version 5.6.14.Final
2023-03-30 09:58:48.182  INFO 2424 --- [restartedMain] o.hibernate.annotations.common.Version   : HCANN000001: Hibernate Commons Annotations {5.1.2.Final}
2023-03-30 09:58:48.267  INFO 2424 --- [restartedMain] com.zaxxer.hikari.HikariDataSource       : HikariPool-1 - Starting...
2023-03-30 09:58:48.509  INFO 2424 --- [restartedMain] com.zaxxer.hikari.HikariDataSource       : HikariPool-1 - Start completed.
2023-03-30 09:58:48.524  INFO 2424 --- [restartedMain] org.hibernate.dialect.Dialect            : HHH000400: Using dialect: org.hibernate.dialect.MySQL5InnoDBDialect
2023-03-30 09:58:48.756  INFO 2424 --- [restartedMain] o.h.e.t.j.p.i.JtaPlatformInitiator       : HHH000490: Using JtaPlatform implementation: [org.hibernate.engine.transaction.jta.platform.internal.NoJtaPlatform]
2023-03-30 09:58:48.764  INFO 2424 --- [restartedMain] j.LocalContainerEntityManagerFactoryBean : Initialized JPA EntityManagerFactory for persistence unit 'default'
2023-03-30 09:58:48.811  WARN 2424 --- [restartedMain] JpaBaseConfiguration$JpaWebConfiguration : spring.jpa.open-in-view is enabled by default. Therefore, database queries may be performed during view rendering. Explicitly configure spring.jpa.open-in-view to disable this warning
2023-03-30 09:58:48.926  INFO 2424 --- [restartedMain] o.s.s.web.DefaultSecurityFilterChain     : Will secure any request with [org.springframework.security.web.session.DisableEncodeUrlFilter@38e117d0, org.springframework.security.web.context.request.async.WebAsyncManagerIntegrationFilter@5e369693, org.springframework.security.web.context.SecurityContextPersistenceFilter@54227339, org.springframework.security.web.header.HeaderWriterFilter@48555759, org.springframework.security.web.authentication.logout.LogoutFilter@2530a856, org.springframework.security.web.savedrequest.RequestCacheAwareFilter@208736ef, org.springframework.security.web.servletapi.SecurityContextHolderAwareRequestFilter@5fca3b8f, org.springframework.security.web.authentication.AnonymousAuthenticationFilter@64d28bd6, org.springframework.security.web.session.SessionManagementFilter@365e5ce5, org.springframework.security.web.access.ExceptionTranslationFilter@19d62ca0, org.springframework.security.web.access.intercept.FilterSecurityInterceptor@5eef2b24]
2023-03-30 09:58:49.071  INFO 2424 --- [restartedMain] o.s.b.a.w.s.WelcomePageHandlerMapping    : Adding welcome page template: index
2023-03-30 09:58:49.301  INFO 2424 --- [restartedMain] o.s.b.d.a.OptionalLiveReloadServer       : LiveReload server is running on port 35729
2023-03-30 09:58:49.343  INFO 2424 --- [restartedMain] o.s.b.w.embedded.tomcat.TomcatWebServer  : Tomcat started on port(s): 8080 (http) with context path '/Farmstory'
2023-03-30 09:58:49.353  INFO 2424 --- [restartedMain] kr.co.farmstory.FarmstoryApplication     : Started FarmstoryApplication in 3.199 seconds (JVM running for 3.845)
2023-03-30 09:58:51.320  INFO 2424 --- [RMI TCP Connection(2)-127.0.0.1] inMXBeanRegistrar$SpringApplicationAdmin : Application shutdown requested.
2023-03-30 09:58:51.328  INFO 2424 --- [RMI TCP Connection(2)-127.0.0.1] o.apache.catalina.core.StandardService   : 서비스 [Tomcat]을(를) 중지시킵니다.
2023-03-30 09:58:51.335  INFO 2424 --- [RMI TCP Connection(2)-127.0.0.1] j.LocalContainerEntityManagerFactoryBean : Closing JPA EntityManagerFactory for persistence unit 'default'
2023-03-30 09:58:51.337  INFO 2424 --- [RMI TCP Connection(2)-127.0.0.1] com.zaxxer.hikari.HikariDataSource       : HikariPool-1 - Shutdown initiated...
2023-03-30 09:58:51.343  INFO 2424 --- [RMI TCP Connection(2)-127.0.0.1] com.zaxxer.hikari.HikariDataSource       : HikariPool-1 - Shutdown completed.
